-1.8
-encoding
UTF-8
-showWeaveInfo
-source
1.8
-target
1.8
-classpath
D:\qcadoo_demo\qcadoo\qcadoo-localization\target\qcadoo-localization-1.5-SNAPSHOT.jar;D:\qcadoo_demo\qcadoo\qcadoo-model\target\qcadoo-model-1.5-SNAPSHOT.jar;D:\qcadoo_demo\qcadoo\qcadoo-security\target\qcadoo-security-1.5-SNAPSHOT.jar;D:\qcadoo_demo\qcadoo\qcadoo-testing\target\qcadoo-testing-1.5-SNAPSHOT.jar;C:\Users\dungn\.m2\repository\org\json\json\20090211\json-20090211.jar;C:\Users\dungn\.m2\repository\commons-codec\commons-codec\1.2\commons-codec-1.2.jar;C:\Users\dungn\.m2\repository\org\apache\httpcomponents\httpclient\4.4\httpclient-4.4.jar;C:\Users\dungn\.m2\repository\org\codehaus\jackson\jackson-mapper-asl\1.5.5\jackson-mapper-asl-1.5.5.jar;C:\Users\dungn\.m2\repository\org\springframework\spring-aop\3.2.11.RELEASE\spring-aop-3.2.11.RELEASE.jar;C:\Users\dungn\.m2\repository\org\springframework\spring-beans\3.2.11.RELEASE\spring-beans-3.2.11.RELEASE.jar;C:\Users\dungn\.m2\repository\org\springframework\spring-context\3.2.11.RELEASE\spring-context-3.2.11.RELEASE.jar;C:\Users\dungn\.m2\repository\org\springframework\spring-context-support\3.2.11.RELEASE\spring-context-support-3.2.11.RELEASE.jar;C:\Users\dungn\.m2\repository\org\springframework\spring-expression\3.2.11.RELEASE\spring-expression-3.2.11.RELEASE.jar;C:\Users\dungn\.m2\repository\org\springframework\spring-orm\3.2.11.RELEASE\spring-orm-3.2.11.RELEASE.jar;C:\Users\dungn\.m2\repository\org\springframework\spring-tx\3.2.11.RELEASE\spring-tx-3.2.11.RELEASE.jar;C:\Users\dungn\.m2\repository\org\springframework\spring-web\3.2.11.RELEASE\spring-web-3.2.11.RELEASE.jar;C:\Users\dungn\.m2\repository\org\springframework\spring-webmvc\3.2.11.RELEASE\spring-webmvc-3.2.11.RELEASE.jar;C:\Users\dungn\.m2\repository\org\springframework\security\spring-security-core\3.2.5.RELEASE\spring-security-core-3.2.5.RELEASE.jar;C:\Users\dungn\.m2\repository\org\springframework\security\spring-security-config\3.2.5.RELEASE\spring-security-config-3.2.5.RELEASE.jar;C:\Users\dungn\.m2\repository\org\springframework\security\spring-security-web\3.2.5.RELEASE\spring-security-web-3.2.5.RELEASE.jar;C:\Users\dungn\.m2\repository\org\springframework\security\spring-security-aspects\3.2.5.RELEASE\spring-security-aspects-3.2.5.RELEASE.jar;C:\Users\dungn\.m2\repository\org\springframework\spring-aspects\3.2.11.RELEASE\spring-aspects-3.2.11.RELEASE.jar;C:\Users\dungn\.m2\repository\org\aspectj\aspectjweaver\1.8.2\aspectjweaver-1.8.2.jar;C:\Users\dungn\.m2\repository\org\hibernate\hibernate-core\3.6.9.Final\hibernate-core-3.6.9.Final.jar;C:\Users\dungn\.m2\repository\org\apache\commons\commons-lang3\3.3.2\commons-lang3-3.3.2.jar;C:\Users\dungn\.m2\repository\commons-beanutils\commons-beanutils\1.9.1\commons-beanutils-1.9.1.jar;C:\Users\dungn\.m2\repository\commons-io\commons-io\2.4\commons-io-2.4.jar;C:\Users\dungn\.m2\repository\commons-validator\commons-validator\1.4.0\commons-validator-1.4.0.jar;C:\Users\dungn\.m2\repository\org\springframework\spring-test\3.2.11.RELEASE\spring-test-3.2.11.RELEASE.jar;C:\Users\dungn\.m2\repository\hsqldb\hsqldb\1.8.0.10\hsqldb-1.8.0.10.jar;C:\Users\dungn\.m2\repository\commons-dbcp\commons-dbcp\1.4\commons-dbcp-1.4.jar;C:\Users\dungn\.m2\repository\xmlunit\xmlunit\1.3\xmlunit-1.3.jar;C:\Users\dungn\.m2\repository\org\javassist\javassist\3.18.1-GA\javassist-3.18.1-GA.jar;C:\Users\dungn\.m2\repository\org\quartz-scheduler\quartz\1.8.5\quartz-1.8.5.jar;C:\Users\dungn\.m2\repository\org\aspectj\aspectjrt\1.8.2\aspectjrt-1.8.2.jar;C:\Users\dungn\.m2\repository\org\springframework\spring-core\3.2.11.RELEASE\spring-core-3.2.11.RELEASE.jar;C:\Users\dungn\.m2\repository\org\jdom\jdom\1.1\jdom-1.1.jar;C:\Users\dungn\.m2\repository\joda-time\joda-time\2.3\joda-time-2.3.jar;C:\Users\dungn\.m2\repository\com\google\guava\guava\17.0\guava-17.0.jar;C:\Users\dungn\.m2\repository\org\slf4j\slf4j-api\1.6.1\slf4j-api-1.6.1.jar;C:\Users\dungn\.m2\repository\org\slf4j\slf4j-log4j12\1.6.1\slf4j-log4j12-1.6.1.jar;C:\Users\dungn\.m2\repository\org\slf4j\jcl-over-slf4j\1.6.1\jcl-over-slf4j-1.6.1.jar;C:\Users\dungn\.m2\repository\javax\servlet\servlet-api\2.5\servlet-api-2.5.jar;C:\Users\dungn\.m2\repository\junit\junit\4.9\junit-4.9.jar;C:\Users\dungn\.m2\repository\org\mockito\mockito-all\1.10.8\mockito-all-1.10.8.jar;C:\Users\dungn\.m2\repository\org\powermock\powermock-module-junit4\1.5.6\powermock-module-junit4-1.5.6.jar;C:\Users\dungn\.m2\repository\org\powermock\powermock-api-mockito\1.5.6\powermock-api-mockito-1.5.6.jar;C:\Users\dungn\.m2\repository\com\fasterxml\jackson\core\jackson-core\2.6.3\jackson-core-2.6.3.jar;C:\Users\dungn\.m2\repository\com\fasterxml\jackson\core\jackson-databind\2.6.3\jackson-databind-2.6.3.jar;C:\Users\dungn\.m2\repository\com\google\code\gson\gson\2.6.2\gson-2.6.2.jar;C:\Users\dungn\.m2\repository\com\google\zxing\core\3.3.0\core-3.3.0.jar;C:\Users\dungn\.m2\repository\com\google\zxing\javase\3.3.0\javase-3.3.0.jar;D:\qcadoo_demo\qcadoo\qcadoo-plugin\target\qcadoo-plugin-1.5-SNAPSHOT.jar;D:\qcadoo_demo\qcadoo\qcadoo-tenant\target\qcadoo-tenant-1.5-SNAPSHOT.jar;C:\Users\dungn\.m2\repository\jgrapht\jgrapht\0.8.2\jgrapht-0.8.2.jar;C:\Users\dungn\.m2\repository\com\zaxxer\HikariCP\3.3.1\HikariCP-3.3.1.jar;D:\qcadoo_demo\qcadoo\qcadoo-commons\target\qcadoo-commons-1.5-SNAPSHOT.jar;C:\Users\dungn\.m2\repository\log4j\log4j\1.2.16\log4j-1.2.16.jar;C:\Users\dungn\.m2\repository\net\sourceforge\saxon\saxon\9.1.0.8\saxon-9.1.0.8.jar;D:\qcadoo_demo\qcadoo\qcadoo-mail\target\qcadoo-mail-1.5-SNAPSHOT.jar;C:\Users\dungn\.m2\repository\javax\mail\mail\1.4.5\mail-1.4.5.jar;C:\Users\dungn\.m2\repository\javax\activation\activation\1.1\activation-1.1.jar;C:\Users\dungn\.m2\repository\org\apache\httpcomponents\httpcore\4.4\httpcore-4.4.jar;C:\Users\dungn\.m2\repository\commons-logging\commons-logging\1.2\commons-logging-1.2.jar;C:\Users\dungn\.m2\repository\org\codehaus\jackson\jackson-core-asl\1.5.5\jackson-core-asl-1.5.5.jar;C:\Users\dungn\.m2\repository\aopalliance\aopalliance\1.0\aopalliance-1.0.jar;C:\Users\dungn\.m2\repository\org\springframework\spring-jdbc\3.2.11.RELEASE\spring-jdbc-3.2.11.RELEASE.jar;C:\Users\dungn\.m2\repository\antlr\antlr\2.7.6\antlr-2.7.6.jar;C:\Users\dungn\.m2\repository\commons-collections\commons-collections\3.1\commons-collections-3.1.jar;C:\Users\dungn\.m2\repository\dom4j\dom4j\1.6.1\dom4j-1.6.1.jar;C:\Users\dungn\.m2\repository\org\hibernate\hibernate-commons-annotations\3.2.0.Final\hibernate-commons-annotations-3.2.0.Final.jar;C:\Users\dungn\.m2\repository\org\hibernate\javax\persistence\hibernate-jpa-2.0-api\1.0.1.Final\hibernate-jpa-2.0-api-1.0.1.Final.jar;C:\Users\dungn\.m2\repository\javax\transaction\jta\1.1\jta-1.1.jar;C:\Users\dungn\.m2\repository\commons-digester\commons-digester\1.8\commons-digester-1.8.jar;C:\Users\dungn\.m2\repository\com\fasterxml\jackson\core\jackson-annotations\2.6.0\jackson-annotations-2.6.0.jar;C:\Users\dungn\.m2\repository\com\beust\jcommander\1.48\jcommander-1.48.jar;C:\Users\dungn\.m2\repository\com\github\jai-imageio\jai-imageio-core\1.3.1\jai-imageio-core-1.3.1.jar;D:\qcadoo_demo\qcadoo\qcadoo-view\target\classes
-aspectpath
C:\Users\dungn\.m2\repository\org\springframework\spring-aspects\3.2.11.RELEASE\spring-aspects-3.2.11.RELEASE.jar;C:\Users\dungn\.m2\repository\org\springframework\security\spring-security-aspects\3.2.5.RELEASE\spring-security-aspects-3.2.5.RELEASE.jar
-d
D:\qcadoo_demo\qcadoo\qcadoo-view\target\classes
D:\qcadoo_demo\qcadoo\qcadoo-view\src\main\java\com\qcadoo\view\api\ComponentMessagesHolder.java
D:\qcadoo_demo\qcadoo\qcadoo-view\src\main\java\com\qcadoo\view\api\components\AwesomeDynamicListComponent.java
D:\qcadoo_demo\qcadoo\qcadoo-view\src\main\java\com\qcadoo\view\api\components\CheckBoxComponent.java
D:\qcadoo_demo\qcadoo\qcadoo-view\src\main\java\com\qcadoo\view\api\components\FieldComponent.java
D:\qcadoo_demo\qcadoo\qcadoo-view\src\main\java\com\qcadoo\view\api\components\FormComponent.java
D:\qcadoo_demo\qcadoo\qcadoo-view\src\main\java\com\qcadoo\view\api\components\ganttChart\GanttChartItem.java
D:\qcadoo_demo\qcadoo\qcadoo-view\src\main\java\com\qcadoo\view\api\components\ganttChart\GanttChartItemResolver.java
D:\qcadoo_demo\qcadoo\qcadoo-view\src\main\java\com\qcadoo\view\api\components\ganttChart\GanttChartItemStrip.java
D:\qcadoo_demo\qcadoo\qcadoo-view\src\main\java\com\qcadoo\view\api\components\ganttChart\GanttChartItemStripFactory.java
D:\qcadoo_demo\qcadoo\qcadoo-view\src\main\java\com\qcadoo\view\api\components\ganttChart\GanttChartItemTooltip.java
D:\qcadoo_demo\qcadoo\qcadoo-view\src\main\java\com\qcadoo\view\api\components\ganttChart\GanttChartItemTooltipBuilder.java
D:\qcadoo_demo\qcadoo\qcadoo-view\src\main\java\com\qcadoo\view\api\components\ganttChart\GanttChartScale.java
D:\qcadoo_demo\qcadoo\qcadoo-view\src\main\java\com\qcadoo\view\api\components\grid\GridComponentFilterSQLUtils.java
D:\qcadoo_demo\qcadoo\qcadoo-view\src\main\java\com\qcadoo\view\api\components\grid\GridComponentMultiSearchFilter.java
D:\qcadoo_demo\qcadoo\qcadoo-view\src\main\java\com\qcadoo\view\api\components\GridComponent.java
D:\qcadoo_demo\qcadoo\qcadoo-view\src\main\java\com\qcadoo\view\api\components\InputWithActionComponent.java
D:\qcadoo_demo\qcadoo\qcadoo-view\src\main\java\com\qcadoo\view\api\components\lookup\FilterValueHolder.java
D:\qcadoo_demo\qcadoo\qcadoo-view\src\main\java\com\qcadoo\view\api\components\LookupComponent.java
D:\qcadoo_demo\qcadoo\qcadoo-view\src\main\java\com\qcadoo\view\api\components\package-info.java
D:\qcadoo_demo\qcadoo\qcadoo-view\src\main\java\com\qcadoo\view\api\components\TreeComponent.java
D:\qcadoo_demo\qcadoo\qcadoo-view\src\main\java\com\qcadoo\view\api\components\WindowComponent.java
D:\qcadoo_demo\qcadoo\qcadoo-view\src\main\java\com\qcadoo\view\api\components\WindowTabComponent.java
D:\qcadoo_demo\qcadoo\qcadoo-view\src\main\java\com\qcadoo\view\api\ComponentState.java
D:\qcadoo_demo\qcadoo\qcadoo-view\src\main\java\com\qcadoo\view\api\crud\CrudService.java
D:\qcadoo_demo\qcadoo\qcadoo-view\src\main\java\com\qcadoo\view\api\crud\package-info.java
D:\qcadoo_demo\qcadoo\qcadoo-view\src\main\java\com\qcadoo\view\api\exception\ClassDrivenExceptionResolver.java
D:\qcadoo_demo\qcadoo\qcadoo-view\src\main\java\com\qcadoo\view\api\exception\ExceptionInfo.java
D:\qcadoo_demo\qcadoo\qcadoo-view\src\main\java\com\qcadoo\view\api\exception\ExceptionInfoResolver.java
D:\qcadoo_demo\qcadoo\qcadoo-view\src\main\java\com\qcadoo\view\api\listeners\RerenderListener.java
D:\qcadoo_demo\qcadoo\qcadoo-view\src\main\java\com\qcadoo\view\api\notifications\Notification.java
D:\qcadoo_demo\qcadoo\qcadoo-view\src\main\java\com\qcadoo\view\api\notifications\NotificationContainer.java
D:\qcadoo_demo\qcadoo\qcadoo-view\src\main\java\com\qcadoo\view\api\notifications\NotificationDataComponent.java
D:\qcadoo_demo\qcadoo\qcadoo-view\src\main\java\com\qcadoo\view\api\notifications\NotificationService.java
D:\qcadoo_demo\qcadoo\qcadoo-view\src\main\java\com\qcadoo\view\api\notifications\NotificationType.java
D:\qcadoo_demo\qcadoo\qcadoo-view\src\main\java\com\qcadoo\view\api\notifications\ViewNotificationDataComponent.java
D:\qcadoo_demo\qcadoo\qcadoo-view\src\main\java\com\qcadoo\view\api\package-info.java
D:\qcadoo_demo\qcadoo\qcadoo-view\src\main\java\com\qcadoo\view\api\ribbon\package-info.java
D:\qcadoo_demo\qcadoo\qcadoo-view\src\main\java\com\qcadoo\view\api\ribbon\Ribbon.java
D:\qcadoo_demo\qcadoo\qcadoo-view\src\main\java\com\qcadoo\view\api\ribbon\RibbonActionItem.java
D:\qcadoo_demo\qcadoo\qcadoo-view\src\main\java\com\qcadoo\view\api\ribbon\RibbonComboBox.java
D:\qcadoo_demo\qcadoo\qcadoo-view\src\main\java\com\qcadoo\view\api\ribbon\RibbonComboItem.java
D:\qcadoo_demo\qcadoo\qcadoo-view\src\main\java\com\qcadoo\view\api\ribbon\RibbonGroup.java
D:\qcadoo_demo\qcadoo\qcadoo-view\src\main\java\com\qcadoo\view\api\utils\FormUtils.java
D:\qcadoo_demo\qcadoo\qcadoo-view\src\main\java\com\qcadoo\view\api\utils\NumberGeneratorModelHelper.java
D:\qcadoo_demo\qcadoo\qcadoo-view\src\main\java\com\qcadoo\view\api\utils\NumberGeneratorService.java
D:\qcadoo_demo\qcadoo\qcadoo-view\src\main\java\com\qcadoo\view\api\utils\package-info.java
D:\qcadoo_demo\qcadoo\qcadoo-view\src\main\java\com\qcadoo\view\api\utils\TimeConverterService.java
D:\qcadoo_demo\qcadoo\qcadoo-view\src\main\java\com\qcadoo\view\api\utils\TranslationUtilsService.java
D:\qcadoo_demo\qcadoo\qcadoo-view\src\main\java\com\qcadoo\view\api\ViewDefinitionState.java
D:\qcadoo_demo\qcadoo\qcadoo-view\src\main\java\com\qcadoo\view\constants\AlertFields.java
D:\qcadoo_demo\qcadoo\qcadoo-view\src\main\java\com\qcadoo\view\constants\Alignment.java
D:\qcadoo_demo\qcadoo\qcadoo-view\src\main\java\com\qcadoo\view\constants\MenuCategoryFields.java
D:\qcadoo_demo\qcadoo\qcadoo-view\src\main\java\com\qcadoo\view\constants\MenuItemFields.java
D:\qcadoo_demo\qcadoo\qcadoo-view\src\main\java\com\qcadoo\view\constants\QcadooViewConstants.java
D:\qcadoo_demo\qcadoo\qcadoo-view\src\main\java\com\qcadoo\view\constants\RowStyle.java
D:\qcadoo_demo\qcadoo\qcadoo-view\src\main\java\com\qcadoo\view\constants\ViewedAlertFields.java
D:\qcadoo_demo\qcadoo\qcadoo-view\src\main\java\com\qcadoo\view\constants\ViewFields.java
D:\qcadoo_demo\qcadoo\qcadoo-view\src\main\java\com\qcadoo\view\FilesystemResourcesFilter.java
D:\qcadoo_demo\qcadoo\qcadoo-view\src\main\java\com\qcadoo\view\internal\alerts\AlertsController.java
D:\qcadoo_demo\qcadoo\qcadoo-view\src\main\java\com\qcadoo\view\internal\alerts\model\AlertDto.java
D:\qcadoo_demo\qcadoo\qcadoo-view\src\main\java\com\qcadoo\view\internal\alerts\utils\AlertsDbHelper.java
D:\qcadoo_demo\qcadoo\qcadoo-view\src\main\java\com\qcadoo\view\internal\alerts\utils\NotificationFetcher.java
D:\qcadoo_demo\qcadoo\qcadoo-view\src\main\java\com\qcadoo\view\internal\api\ComponentPattern.java
D:\qcadoo_demo\qcadoo\qcadoo-view\src\main\java\com\qcadoo\view\internal\api\ContainerPattern.java
D:\qcadoo_demo\qcadoo\qcadoo-view\src\main\java\com\qcadoo\view\internal\api\ContainerState.java
D:\qcadoo_demo\qcadoo\qcadoo-view\src\main\java\com\qcadoo\view\internal\api\ContextualHelpService.java
D:\qcadoo_demo\qcadoo\qcadoo-view\src\main\java\com\qcadoo\view\internal\api\EnabledAttribute.java
D:\qcadoo_demo\qcadoo\qcadoo-view\src\main\java\com\qcadoo\view\internal\api\InternalComponentState.java
D:\qcadoo_demo\qcadoo\qcadoo-view\src\main\java\com\qcadoo\view\internal\api\InternalMenuService.java
D:\qcadoo_demo\qcadoo\qcadoo-view\src\main\java\com\qcadoo\view\internal\api\InternalViewDefinition.java
D:\qcadoo_demo\qcadoo\qcadoo-view\src\main\java\com\qcadoo\view\internal\api\InternalViewDefinitionService.java
D:\qcadoo_demo\qcadoo\qcadoo-view\src\main\java\com\qcadoo\view\internal\api\InternalViewDefinitionState.java
D:\qcadoo_demo\qcadoo\qcadoo-view\src\main\java\com\qcadoo\view\internal\api\ViewComponentsResolver.java
D:\qcadoo_demo\qcadoo\qcadoo-view\src\main\java\com\qcadoo\view\internal\api\ViewDefinition.java
D:\qcadoo_demo\qcadoo\qcadoo-view\src\main\java\com\qcadoo\view\internal\api\ViewDefinitionService.java
D:\qcadoo_demo\qcadoo\qcadoo-view\src\main\java\com\qcadoo\view\internal\ComponentDefinition.java
D:\qcadoo_demo\qcadoo\qcadoo-view\src\main\java\com\qcadoo\view\internal\ComponentOption.java
D:\qcadoo_demo\qcadoo\qcadoo-view\src\main\java\com\qcadoo\view\internal\components\awesomeDynamicList\AwesomeDynamicListModelUtils.java
D:\qcadoo_demo\qcadoo\qcadoo-view\src\main\java\com\qcadoo\view\internal\components\awesomeDynamicList\AwesomeDynamicListModelUtilsImpl.java
D:\qcadoo_demo\qcadoo\qcadoo-view\src\main\java\com\qcadoo\view\internal\components\awesomeDynamicList\AwesomeDynamicListPattern.java
D:\qcadoo_demo\qcadoo\qcadoo-view\src\main\java\com\qcadoo\view\internal\components\awesomeDynamicList\AwesomeDynamicListState.java
D:\qcadoo_demo\qcadoo\qcadoo-view\src\main\java\com\qcadoo\view\internal\components\ButtonComponentPattern.java
D:\qcadoo_demo\qcadoo\qcadoo-view\src\main\java\com\qcadoo\view\internal\components\ButtonComponentState.java
D:\qcadoo_demo\qcadoo\qcadoo-view\src\main\java\com\qcadoo\view\internal\components\CalendarComponentPattern.java
D:\qcadoo_demo\qcadoo\qcadoo-view\src\main\java\com\qcadoo\view\internal\components\CheckBoxComponentPattern.java
D:\qcadoo_demo\qcadoo\qcadoo-view\src\main\java\com\qcadoo\view\internal\components\CheckBoxComponentState.java
D:\qcadoo_demo\qcadoo\qcadoo-view\src\main\java\com\qcadoo\view\internal\components\EmptyComponentState.java
D:\qcadoo_demo\qcadoo\qcadoo-view\src\main\java\com\qcadoo\view\internal\components\EmptyContainerState.java
D:\qcadoo_demo\qcadoo\qcadoo-view\src\main\java\com\qcadoo\view\internal\components\FieldComponentPattern.java
D:\qcadoo_demo\qcadoo\qcadoo-view\src\main\java\com\qcadoo\view\internal\components\FieldComponentState.java
D:\qcadoo_demo\qcadoo\qcadoo-view\src\main\java\com\qcadoo\view\internal\components\file\FileInputComponentPattern.java
D:\qcadoo_demo\qcadoo\qcadoo-view\src\main\java\com\qcadoo\view\internal\components\file\FileInputComponentState.java
D:\qcadoo_demo\qcadoo\qcadoo-view\src\main\java\com\qcadoo\view\internal\components\form\FormComponentPattern.java
D:\qcadoo_demo\qcadoo\qcadoo-view\src\main\java\com\qcadoo\view\internal\components\form\FormComponentState.java
D:\qcadoo_demo\qcadoo\qcadoo-view\src\main\java\com\qcadoo\view\internal\components\ganttChart\GanttChartComponentPattern.java
D:\qcadoo_demo\qcadoo\qcadoo-view\src\main\java\com\qcadoo\view\internal\components\ganttChart\GanttChartComponentState.java
D:\qcadoo_demo\qcadoo\qcadoo-view\src\main\java\com\qcadoo\view\internal\components\ganttChart\GanttChartConflictItem.java
D:\qcadoo_demo\qcadoo\qcadoo-view\src\main\java\com\qcadoo\view\internal\components\ganttChart\GanttChartItemFactory.java
D:\qcadoo_demo\qcadoo\qcadoo-view\src\main\java\com\qcadoo\view\internal\components\ganttChart\GanttChartItemImpl.java
D:\qcadoo_demo\qcadoo\qcadoo-view\src\main\java\com\qcadoo\view\internal\components\ganttChart\GanttChartItemStripImpl.java
D:\qcadoo_demo\qcadoo\qcadoo-view\src\main\java\com\qcadoo\view\internal\components\ganttChart\GanttChartModifiableItem.java
D:\qcadoo_demo\qcadoo\qcadoo-view\src\main\java\com\qcadoo\view\internal\components\ganttChart\GanttChartScaleImpl.java
D:\qcadoo_demo\qcadoo\qcadoo-view\src\main\java\com\qcadoo\view\internal\components\grid\GridComponentColumn.java
D:\qcadoo_demo\qcadoo\qcadoo-view\src\main\java\com\qcadoo\view\internal\components\grid\GridComponentFilterException.java
D:\qcadoo_demo\qcadoo\qcadoo-view\src\main\java\com\qcadoo\view\internal\components\grid\GridComponentFilterGroupOperator.java
D:\qcadoo_demo\qcadoo\qcadoo-view\src\main\java\com\qcadoo\view\internal\components\grid\GridComponentFilterOperator.java
D:\qcadoo_demo\qcadoo\qcadoo-view\src\main\java\com\qcadoo\view\internal\components\grid\GridComponentFilterUtils.java
D:\qcadoo_demo\qcadoo\qcadoo-view\src\main\java\com\qcadoo\view\internal\components\grid\GridComponentMultiSearchFilterRule.java
D:\qcadoo_demo\qcadoo\qcadoo-view\src\main\java\com\qcadoo\view\internal\components\grid\GridComponentOrderColumn.java
D:\qcadoo_demo\qcadoo\qcadoo-view\src\main\java\com\qcadoo\view\internal\components\grid\GridComponentPattern.java
D:\qcadoo_demo\qcadoo\qcadoo-view\src\main\java\com\qcadoo\view\internal\components\grid\GridComponentState.java
D:\qcadoo_demo\qcadoo\qcadoo-view\src\main\java\com\qcadoo\view\internal\components\grid\PredefinedFilter.java
D:\qcadoo_demo\qcadoo\qcadoo-view\src\main\java\com\qcadoo\view\internal\components\HiddenComponentPattern.java
D:\qcadoo_demo\qcadoo\qcadoo-view\src\main\java\com\qcadoo\view\internal\components\inputWithActionButton\InputWithActionComponentPattern.java
D:\qcadoo_demo\qcadoo\qcadoo-view\src\main\java\com\qcadoo\view\internal\components\inputWithActionButton\InputWithActionComponentState.java
D:\qcadoo_demo\qcadoo\qcadoo-view\src\main\java\com\qcadoo\view\internal\components\LabelComponentPattern.java
D:\qcadoo_demo\qcadoo\qcadoo-view\src\main\java\com\qcadoo\view\internal\components\layout\AbstractLayoutPattern.java
D:\qcadoo_demo\qcadoo\qcadoo-view\src\main\java\com\qcadoo\view\internal\components\layout\BorderLayoutPattern.java
D:\qcadoo_demo\qcadoo\qcadoo-view\src\main\java\com\qcadoo\view\internal\components\layout\FlowGridLayoutCell.java
D:\qcadoo_demo\qcadoo\qcadoo-view\src\main\java\com\qcadoo\view\internal\components\layout\FlowGridLayoutPattern.java
D:\qcadoo_demo\qcadoo\qcadoo-view\src\main\java\com\qcadoo\view\internal\components\layout\FlowLayoutPattern.java
D:\qcadoo_demo\qcadoo\qcadoo-view\src\main\java\com\qcadoo\view\internal\components\layout\GridLayoutCell.java
D:\qcadoo_demo\qcadoo\qcadoo-view\src\main\java\com\qcadoo\view\internal\components\layout\GridLayoutPattern.java
D:\qcadoo_demo\qcadoo\qcadoo-view\src\main\java\com\qcadoo\view\internal\components\layout\SmallTabLayoutPattern.java
D:\qcadoo_demo\qcadoo\qcadoo-view\src\main\java\com\qcadoo\view\internal\components\layout\SmallTabLayoutPatternTab.java
D:\qcadoo_demo\qcadoo\qcadoo-view\src\main\java\com\qcadoo\view\internal\components\layout\SmallTabLayoutState.java
D:\qcadoo_demo\qcadoo\qcadoo-view\src\main\java\com\qcadoo\view\internal\components\layout\VerticalLayoutPattern.java
D:\qcadoo_demo\qcadoo\qcadoo-view\src\main\java\com\qcadoo\view\internal\components\lookup\LookupComponentPattern.java
D:\qcadoo_demo\qcadoo\qcadoo-view\src\main\java\com\qcadoo\view\internal\components\lookup\LookupComponentState.java
D:\qcadoo_demo\qcadoo\qcadoo-view\src\main\java\com\qcadoo\view\internal\components\PasswordComponentPattern.java
D:\qcadoo_demo\qcadoo\qcadoo-view\src\main\java\com\qcadoo\view\internal\components\PasswordComponentState.java
D:\qcadoo_demo\qcadoo\qcadoo-view\src\main\java\com\qcadoo\view\internal\components\select\SelectComponentPattern.java
D:\qcadoo_demo\qcadoo\qcadoo-view\src\main\java\com\qcadoo\view\internal\components\select\SelectComponentState.java
D:\qcadoo_demo\qcadoo\qcadoo-view\src\main\java\com\qcadoo\view\internal\components\SeparatorLinePattern.java
D:\qcadoo_demo\qcadoo\qcadoo-view\src\main\java\com\qcadoo\view\internal\components\SimpleComponentState.java
D:\qcadoo_demo\qcadoo\qcadoo-view\src\main\java\com\qcadoo\view\internal\components\StaticPageComponentPattern.java
D:\qcadoo_demo\qcadoo\qcadoo-view\src\main\java\com\qcadoo\view\internal\components\TextAreaComponentPattern.java
D:\qcadoo_demo\qcadoo\qcadoo-view\src\main\java\com\qcadoo\view\internal\components\TextInputComponentPattern.java
D:\qcadoo_demo\qcadoo\qcadoo-view\src\main\java\com\qcadoo\view\internal\components\TimeInputComponentPattern.java
D:\qcadoo_demo\qcadoo\qcadoo-view\src\main\java\com\qcadoo\view\internal\components\TranslatedFieldComponentState.java
D:\qcadoo_demo\qcadoo\qcadoo-view\src\main\java\com\qcadoo\view\internal\components\tree\TreeComponentPattern.java
D:\qcadoo_demo\qcadoo\qcadoo-view\src\main\java\com\qcadoo\view\internal\components\tree\TreeComponentState.java
D:\qcadoo_demo\qcadoo\qcadoo-view\src\main\java\com\qcadoo\view\internal\components\tree\TreeDataType.java
D:\qcadoo_demo\qcadoo\qcadoo-view\src\main\java\com\qcadoo\view\internal\components\tree\TreeNode.java
D:\qcadoo_demo\qcadoo\qcadoo-view\src\main\java\com\qcadoo\view\internal\components\window\WindowComponentPattern.java
D:\qcadoo_demo\qcadoo\qcadoo-view\src\main\java\com\qcadoo\view\internal\components\window\WindowComponentState.java
D:\qcadoo_demo\qcadoo\qcadoo-view\src\main\java\com\qcadoo\view\internal\components\window\WindowTabComponentPattern.java
D:\qcadoo_demo\qcadoo\qcadoo-view\src\main\java\com\qcadoo\view\internal\components\window\WindowTabComponentState.java
D:\qcadoo_demo\qcadoo\qcadoo-view\src\main\java\com\qcadoo\view\internal\ContextualHelpPropertyConfigurer.java
D:\qcadoo_demo\qcadoo\qcadoo-view\src\main\java\com\qcadoo\view\internal\ContextualHelpServiceImpl.java
D:\qcadoo_demo\qcadoo\qcadoo-view\src\main\java\com\qcadoo\view\internal\controllers\AttachmentViewerController.java
D:\qcadoo_demo\qcadoo\qcadoo-view\src\main\java\com\qcadoo\view\internal\controllers\ErrorController.java
D:\qcadoo_demo\qcadoo\qcadoo-view\src\main\java\com\qcadoo\view\internal\controllers\FileAccessController.java
D:\qcadoo_demo\qcadoo\qcadoo-view\src\main\java\com\qcadoo\view\internal\controllers\FileResolverController.java
D:\qcadoo_demo\qcadoo\qcadoo-view\src\main\java\com\qcadoo\view\internal\controllers\FileUploadController.java
D:\qcadoo_demo\qcadoo\qcadoo-view\src\main\java\com\qcadoo\view\internal\controllers\LoginController.java
D:\qcadoo_demo\qcadoo\qcadoo-view\src\main\java\com\qcadoo\view\internal\controllers\MainController.java
D:\qcadoo_demo\qcadoo\qcadoo-view\src\main\java\com\qcadoo\view\internal\controllers\MenuController.java
D:\qcadoo_demo\qcadoo\qcadoo-view\src\main\java\com\qcadoo\view\internal\controllers\PasswordChangeController.java
D:\qcadoo_demo\qcadoo\qcadoo-view\src\main\java\com\qcadoo\view\internal\controllers\PasswordResetController.java
D:\qcadoo_demo\qcadoo\qcadoo-view\src\main\java\com\qcadoo\view\internal\controllers\SystemInfoController.java
D:\qcadoo_demo\qcadoo\qcadoo-view\src\main\java\com\qcadoo\view\internal\controllers\ViewParametersAppender.java
D:\qcadoo_demo\qcadoo\qcadoo-view\src\main\java\com\qcadoo\view\internal\CriteriaModifier.java
D:\qcadoo_demo\qcadoo\qcadoo-view\src\main\java\com\qcadoo\view\internal\crud\CrudController.java
D:\qcadoo_demo\qcadoo\qcadoo-view\src\main\java\com\qcadoo\view\internal\crud\CrudServiceImpl.java
D:\qcadoo_demo\qcadoo\qcadoo-view\src\main\java\com\qcadoo\view\internal\CustomMethodHolder.java
D:\qcadoo_demo\qcadoo\qcadoo-view\src\main\java\com\qcadoo\view\internal\exceptionresolver\DefaultExceptionResolver.java
D:\qcadoo_demo\qcadoo\qcadoo-view\src\main\java\com\qcadoo\view\internal\FieldEntityIdChangeListener.java
D:\qcadoo_demo\qcadoo\qcadoo-view\src\main\java\com\qcadoo\view\internal\FileAccessService.java
D:\qcadoo_demo\qcadoo\qcadoo-view\src\main\java\com\qcadoo\view\internal\FilterValueHolderImpl.java
D:\qcadoo_demo\qcadoo\qcadoo-view\src\main\java\com\qcadoo\view\internal\hooks\AbstractViewHookDefinition.java
D:\qcadoo_demo\qcadoo\qcadoo-view\src\main\java\com\qcadoo\view\internal\hooks\HookFactory.java
D:\qcadoo_demo\qcadoo\qcadoo-view\src\main\java\com\qcadoo\view\internal\hooks\HookType.java
D:\qcadoo_demo\qcadoo\qcadoo-view\src\main\java\com\qcadoo\view\internal\hooks\ViewConstructionHook.java
D:\qcadoo_demo\qcadoo\qcadoo-view\src\main\java\com\qcadoo\view\internal\hooks\ViewEventListenerHook.java
D:\qcadoo_demo\qcadoo\qcadoo-view\src\main\java\com\qcadoo\view\internal\hooks\ViewLifecycleHook.java
D:\qcadoo_demo\qcadoo\qcadoo-view\src\main\java\com\qcadoo\view\internal\internal\EntityIdChangeListenerHolder.java
D:\qcadoo_demo\qcadoo\qcadoo-view\src\main\java\com\qcadoo\view\internal\internal\EventHandlerHolder.java
D:\qcadoo_demo\qcadoo\qcadoo-view\src\main\java\com\qcadoo\view\internal\internal\MessageHolder.java
D:\qcadoo_demo\qcadoo\qcadoo-view\src\main\java\com\qcadoo\view\internal\internal\ViewComponentsResolverImpl.java
D:\qcadoo_demo\qcadoo\qcadoo-view\src\main\java\com\qcadoo\view\internal\internal\ViewDefinitionImpl.java
D:\qcadoo_demo\qcadoo\qcadoo-view\src\main\java\com\qcadoo\view\internal\internal\ViewDefinitionStateImpl.java
D:\qcadoo_demo\qcadoo\qcadoo-view\src\main\java\com\qcadoo\view\internal\internal\ViewDefinitionStateLogger.java
D:\qcadoo_demo\qcadoo\qcadoo-view\src\main\java\com\qcadoo\view\internal\internal\ViewHooksHolder.java
D:\qcadoo_demo\qcadoo\qcadoo-view\src\main\java\com\qcadoo\view\internal\JsonHttpMessageConverter.java
D:\qcadoo_demo\qcadoo\qcadoo-view\src\main\java\com\qcadoo\view\internal\JsonMapperHttpMessageConverter.java
D:\qcadoo_demo\qcadoo\qcadoo-view\src\main\java\com\qcadoo\view\internal\LogoComponent.java
D:\qcadoo_demo\qcadoo\qcadoo-view\src\main\java\com\qcadoo\view\internal\menu\definitions\MenuCategoryDefinition.java
D:\qcadoo_demo\qcadoo\qcadoo-view\src\main\java\com\qcadoo\view\internal\menu\definitions\MenuItemDefinition.java
D:\qcadoo_demo\qcadoo\qcadoo-view\src\main\java\com\qcadoo\view\internal\menu\items\package-info.java
D:\qcadoo_demo\qcadoo\qcadoo-view\src\main\java\com\qcadoo\view\internal\menu\items\UrlMenuItem.java
D:\qcadoo_demo\qcadoo\qcadoo-view\src\main\java\com\qcadoo\view\internal\menu\items\ViewDefinitionMenuItemItem.java
D:\qcadoo_demo\qcadoo\qcadoo-view\src\main\java\com\qcadoo\view\internal\menu\MenuCrudService.java
D:\qcadoo_demo\qcadoo\qcadoo-view\src\main\java\com\qcadoo\view\internal\menu\MenuDefinition.java
D:\qcadoo_demo\qcadoo\qcadoo-view\src\main\java\com\qcadoo\view\internal\menu\MenuItem.java
D:\qcadoo_demo\qcadoo\qcadoo-view\src\main\java\com\qcadoo\view\internal\menu\MenuItemsGroup.java
D:\qcadoo_demo\qcadoo\qcadoo-view\src\main\java\com\qcadoo\view\internal\menu\MenuService.java
D:\qcadoo_demo\qcadoo\qcadoo-view\src\main\java\com\qcadoo\view\internal\menu\MenuServiceImpl.java
D:\qcadoo_demo\qcadoo\qcadoo-view\src\main\java\com\qcadoo\view\internal\menu\module\MenuCategoryModule.java
D:\qcadoo_demo\qcadoo\qcadoo-view\src\main\java\com\qcadoo\view\internal\menu\module\MenuCategoryModuleFactory.java
D:\qcadoo_demo\qcadoo\qcadoo-view\src\main\java\com\qcadoo\view\internal\menu\module\MenuModule.java
D:\qcadoo_demo\qcadoo\qcadoo-view\src\main\java\com\qcadoo\view\internal\menu\module\MenuUrlModuleFactory.java
D:\qcadoo_demo\qcadoo\qcadoo-view\src\main\java\com\qcadoo\view\internal\menu\module\MenuViewModuleFactory.java
D:\qcadoo_demo\qcadoo\qcadoo-view\src\main\java\com\qcadoo\view\internal\menu\package-info.java
D:\qcadoo_demo\qcadoo\qcadoo-view\src\main\java\com\qcadoo\view\internal\ModalDimensions.java
D:\qcadoo_demo\qcadoo\qcadoo-view\src\main\java\com\qcadoo\view\internal\module\gridColumn\ViewGridColumnModule.java
D:\qcadoo_demo\qcadoo\qcadoo-view\src\main\java\com\qcadoo\view\internal\module\gridColumn\ViewGridColumnModuleColumnModel.java
D:\qcadoo_demo\qcadoo\qcadoo-view\src\main\java\com\qcadoo\view\internal\module\gridColumn\ViewGridColumnModuleFactory.java
D:\qcadoo_demo\qcadoo\qcadoo-view\src\main\java\com\qcadoo\view\internal\module\ViewComponentModuleFactory.java
D:\qcadoo_demo\qcadoo\qcadoo-view\src\main\java\com\qcadoo\view\internal\module\ViewHookModule.java
D:\qcadoo_demo\qcadoo\qcadoo-view\src\main\java\com\qcadoo\view\internal\module\ViewHookModuleFactory.java
D:\qcadoo_demo\qcadoo\qcadoo-view\src\main\java\com\qcadoo\view\internal\module\ViewListenerModule.java
D:\qcadoo_demo\qcadoo\qcadoo-view\src\main\java\com\qcadoo\view\internal\module\ViewListenerModuleFactory.java
D:\qcadoo_demo\qcadoo\qcadoo-view\src\main\java\com\qcadoo\view\internal\module\ViewModule.java
D:\qcadoo_demo\qcadoo\qcadoo-view\src\main\java\com\qcadoo\view\internal\module\ViewModuleFactory.java
D:\qcadoo_demo\qcadoo\qcadoo-view\src\main\java\com\qcadoo\view\internal\module\ViewRibbonModule.java
D:\qcadoo_demo\qcadoo\qcadoo-view\src\main\java\com\qcadoo\view\internal\module\ViewRibbonModuleFactory.java
D:\qcadoo_demo\qcadoo\qcadoo-view\src\main\java\com\qcadoo\view\internal\module\ViewTabModule.java
D:\qcadoo_demo\qcadoo\qcadoo-view\src\main\java\com\qcadoo\view\internal\module\ViewTabModuleFactory.java
D:\qcadoo_demo\qcadoo\qcadoo-view\src\main\java\com\qcadoo\view\internal\patterns\AbstractComponentPattern.java
D:\qcadoo_demo\qcadoo\qcadoo-view\src\main\java\com\qcadoo\view\internal\patterns\AbstractContainerPattern.java
D:\qcadoo_demo\qcadoo\qcadoo-view\src\main\java\com\qcadoo\view\internal\resource\JspResourceResolver.java
D:\qcadoo_demo\qcadoo\qcadoo-view\src\main\java\com\qcadoo\view\internal\resource\module\UniversalResourceModule.java
D:\qcadoo_demo\qcadoo\qcadoo-view\src\main\java\com\qcadoo\view\internal\resource\module\UniversalResourceModuleFactory.java
D:\qcadoo_demo\qcadoo\qcadoo-view\src\main\java\com\qcadoo\view\internal\resource\ResourceFilter.java
D:\qcadoo_demo\qcadoo\qcadoo-view\src\main\java\com\qcadoo\view\internal\resource\ResourceModule.java
D:\qcadoo_demo\qcadoo\qcadoo-view\src\main\java\com\qcadoo\view\internal\resource\ResourceService.java
D:\qcadoo_demo\qcadoo\qcadoo-view\src\main\java\com\qcadoo\view\internal\ribbon\model\InternalRibbon.java
D:\qcadoo_demo\qcadoo\qcadoo-view\src\main\java\com\qcadoo\view\internal\ribbon\model\InternalRibbonActionItem.java
D:\qcadoo_demo\qcadoo\qcadoo-view\src\main\java\com\qcadoo\view\internal\ribbon\model\InternalRibbonComboItem.java
D:\qcadoo_demo\qcadoo\qcadoo-view\src\main\java\com\qcadoo\view\internal\ribbon\model\InternalRibbonGroup.java
D:\qcadoo_demo\qcadoo\qcadoo-view\src\main\java\com\qcadoo\view\internal\ribbon\model\RibbonActionItemImpl.java
D:\qcadoo_demo\qcadoo\qcadoo-view\src\main\java\com\qcadoo\view\internal\ribbon\model\RibbonComboBoxImpl.java
D:\qcadoo_demo\qcadoo\qcadoo-view\src\main\java\com\qcadoo\view\internal\ribbon\model\RibbonComboItemImpl.java
D:\qcadoo_demo\qcadoo\qcadoo-view\src\main\java\com\qcadoo\view\internal\ribbon\model\RibbonGroupImpl.java
D:\qcadoo_demo\qcadoo\qcadoo-view\src\main\java\com\qcadoo\view\internal\ribbon\model\RibbonGroupsPack.java
D:\qcadoo_demo\qcadoo\qcadoo-view\src\main\java\com\qcadoo\view\internal\ribbon\model\RibbonImpl.java
D:\qcadoo_demo\qcadoo\qcadoo-view\src\main\java\com\qcadoo\view\internal\ribbon\model\SingleRibbonGroupPack.java
D:\qcadoo_demo\qcadoo\qcadoo-view\src\main\java\com\qcadoo\view\internal\ribbon\package-info.java
D:\qcadoo_demo\qcadoo\qcadoo-view\src\main\java\com\qcadoo\view\internal\ribbon\RibbonParserService.java
D:\qcadoo_demo\qcadoo\qcadoo-view\src\main\java\com\qcadoo\view\internal\ribbon\RibbonTemplates.java
D:\qcadoo_demo\qcadoo\qcadoo-view\src\main\java\com\qcadoo\view\internal\ribbon\RibbonUtils.java
D:\qcadoo_demo\qcadoo\qcadoo-view\src\main\java\com\qcadoo\view\internal\ribbon\templates\model\RibbonTemplate.java
D:\qcadoo_demo\qcadoo\qcadoo-view\src\main\java\com\qcadoo\view\internal\ribbon\templates\model\TemplateRibbonGroup.java
D:\qcadoo_demo\qcadoo\qcadoo-view\src\main\java\com\qcadoo\view\internal\ribbon\templates\model\TemplateRibbonGroupsPack.java
D:\qcadoo_demo\qcadoo\qcadoo-view\src\main\java\com\qcadoo\view\internal\ribbon\templates\module\RibbonTemplateExtensionModule.java
D:\qcadoo_demo\qcadoo\qcadoo-view\src\main\java\com\qcadoo\view\internal\ribbon\templates\module\RibbonTemplateExtensionModuleFactory.java
D:\qcadoo_demo\qcadoo\qcadoo-view\src\main\java\com\qcadoo\view\internal\ribbon\templates\module\RibbonTemplateModule.java
D:\qcadoo_demo\qcadoo\qcadoo-view\src\main\java\com\qcadoo\view\internal\ribbon\templates\module\RibbonTemplateModuleFactory.java
D:\qcadoo_demo\qcadoo\qcadoo-view\src\main\java\com\qcadoo\view\internal\ribbon\templates\RibbonTemplateParameters.java
D:\qcadoo_demo\qcadoo\qcadoo-view\src\main\java\com\qcadoo\view\internal\ribbon\templates\RibbonTemplatesService.java
D:\qcadoo_demo\qcadoo\qcadoo-view\src\main\java\com\qcadoo\view\internal\ribbon\templates\RibbonTemplatesServiceImpl.java
D:\qcadoo_demo\qcadoo\qcadoo-view\src\main\java\com\qcadoo\view\internal\RowStyleResolver.java
D:\qcadoo_demo\qcadoo\qcadoo-view\src\main\java\com\qcadoo\view\internal\ScopeEntityIdChangeListener.java
D:\qcadoo_demo\qcadoo\qcadoo-view\src\main\java\com\qcadoo\view\internal\security\SecurityViewDefinitionRoleResolver.java
D:\qcadoo_demo\qcadoo\qcadoo-view\src\main\java\com\qcadoo\view\internal\security\ViewDefinitionPermissionEvaluator.java
D:\qcadoo_demo\qcadoo\qcadoo-view\src\main\java\com\qcadoo\view\internal\states\AbstractComponentState.java
D:\qcadoo_demo\qcadoo\qcadoo-view\src\main\java\com\qcadoo\view\internal\states\AbstractContainerState.java
D:\qcadoo_demo\qcadoo\qcadoo-view\src\main\java\com\qcadoo\view\internal\ViewDefinitionServiceImpl.java
D:\qcadoo_demo\qcadoo\qcadoo-view\src\main\java\com\qcadoo\view\internal\ViewHookDefinition.java
D:\qcadoo_demo\qcadoo\qcadoo-view\src\main\java\com\qcadoo\view\internal\xml\ViewDefinitionParser.java
D:\qcadoo_demo\qcadoo\qcadoo-view\src\main\java\com\qcadoo\view\internal\xml\ViewDefinitionParserException.java
D:\qcadoo_demo\qcadoo\qcadoo-view\src\main\java\com\qcadoo\view\internal\xml\ViewDefinitionParserImpl.java
D:\qcadoo_demo\qcadoo\qcadoo-view\src\main\java\com\qcadoo\view\internal\xml\ViewDefinitionParserNodeException.java
D:\qcadoo_demo\qcadoo\qcadoo-view\src\main\java\com\qcadoo\view\internal\xml\ViewExtension.java
D:\qcadoo_demo\qcadoo\qcadoo-view\src\main\java\com\qcadoo\view\utils\FileAccessUtils.java
